01/26/21 18:25:20 ******************************************************
01/26/21 18:25:20 ** condor_scheduniv_exec.68.0 (CONDOR_DAGMAN) STARTING UP
01/26/21 18:25:20 ** /usr/bin/condor_dagman
01/26/21 18:25:20 ** SubsystemInfo: name=DAGMAN type=DAGMAN(10) class=DAEMON(1)
01/26/21 18:25:20 ** Configuration: subsystem:DAGMAN local:<NONE> class:DAEMON
01/26/21 18:25:20 ** $CondorVersion: 8.8.12 Nov 24 2020 BuildID: Debian-8.8.12-1+b1 PackageID: 8.8.12-1+b1 Debian-8.8.12-1+b1 $
01/26/21 18:25:20 ** $CondorPlatform: X86_64-Ubuntu_18.04 $
01/26/21 18:25:20 ** PID = 66435
01/26/21 18:25:20 ** Log last touched time unavailable (No such file or directory)
01/26/21 18:25:20 ******************************************************
01/26/21 18:25:20 Using config source: /etc/condor/condor_config
01/26/21 18:25:20 Using local config sources: 
01/26/21 18:25:20    /etc/condor/config.d/49-common
01/26/21 18:25:20    /etc/condor/config.d/50-security
01/26/21 18:25:20    /etc/condor/config.d/51-role-cm
01/26/21 18:25:20    /etc/condor/config.d/51-role-submit
01/26/21 18:25:20    /etc/condor/condor_config.local
01/26/21 18:25:20 config Macros = 79, Sorted = 79, StringBytes = 2441, TablesBytes = 2916
01/26/21 18:25:20 CLASSAD_CACHING is ENABLED
01/26/21 18:25:20 Daemon Log is logging: D_ALWAYS D_ERROR
01/26/21 18:25:20 DaemonCore: No command port requested.
01/26/21 18:25:20 DAGMAN_USE_STRICT setting: 1
01/26/21 18:25:20 DAGMAN_VERBOSITY setting: 3
01/26/21 18:25:20 DAGMAN_DEBUG_CACHE_SIZE setting: 5242880
01/26/21 18:25:20 DAGMAN_DEBUG_CACHE_ENABLE setting: False
01/26/21 18:25:20 DAGMAN_SUBMIT_DELAY setting: 0
01/26/21 18:25:20 DAGMAN_MAX_SUBMIT_ATTEMPTS setting: 6
01/26/21 18:25:20 DAGMAN_STARTUP_CYCLE_DETECT setting: False
01/26/21 18:25:20 DAGMAN_MAX_SUBMITS_PER_INTERVAL setting: 100
01/26/21 18:25:20 DAGMAN_AGGRESSIVE_SUBMIT setting: False
01/26/21 18:25:20 DAGMAN_USER_LOG_SCAN_INTERVAL setting: 5
01/26/21 18:25:20 DAGMAN_QUEUE_UPDATE_INTERVAL setting: 300
01/26/21 18:25:20 DAGMAN_DEFAULT_PRIORITY setting: 0
01/26/21 18:25:20 DAGMAN_SUPPRESS_NOTIFICATION setting: True
01/26/21 18:25:20 allow_events (DAGMAN_ALLOW_EVENTS) setting: 114
01/26/21 18:25:20 DAGMAN_RETRY_SUBMIT_FIRST setting: True
01/26/21 18:25:20 DAGMAN_RETRY_NODE_FIRST setting: False
01/26/21 18:25:20 DAGMAN_MAX_JOBS_IDLE setting: 1000
01/26/21 18:25:20 DAGMAN_MAX_JOBS_SUBMITTED setting: 0
01/26/21 18:25:20 DAGMAN_MAX_PRE_SCRIPTS setting: 20
01/26/21 18:25:20 DAGMAN_MAX_POST_SCRIPTS setting: 20
01/26/21 18:25:20 DAGMAN_MUNGE_NODE_NAMES setting: True
01/26/21 18:25:20 DAGMAN_PROHIBIT_MULTI_JOBS setting: False
01/26/21 18:25:20 DAGMAN_SUBMIT_DEPTH_FIRST setting: False
01/26/21 18:25:20 DAGMAN_ALWAYS_RUN_POST setting: False
01/26/21 18:25:20 DAGMAN_CONDOR_SUBMIT_EXE setting: /usr/bin/condor_submit
01/26/21 18:25:20 DAGMAN_USE_CONDOR_SUBMIT setting: True
01/26/21 18:25:20 DAGMAN_ABORT_DUPLICATES setting: True
01/26/21 18:25:20 DAGMAN_ABORT_ON_SCARY_SUBMIT setting: True
01/26/21 18:25:20 DAGMAN_PENDING_REPORT_INTERVAL setting: 600
01/26/21 18:25:20 DAGMAN_AUTO_RESCUE setting: True
01/26/21 18:25:20 DAGMAN_MAX_RESCUE_NUM setting: 100
01/26/21 18:25:20 DAGMAN_WRITE_PARTIAL_RESCUE setting: True
01/26/21 18:25:20 DAGMAN_DEFAULT_NODE_LOG setting: @(DAG_DIR)/@(DAG_FILE).nodes.log
01/26/21 18:25:20 DAGMAN_GENERATE_SUBDAG_SUBMITS setting: True
01/26/21 18:25:20 DAGMAN_MAX_JOB_HOLDS setting: 100
01/26/21 18:25:20 DAGMAN_HOLD_CLAIM_TIME setting: 20
01/26/21 18:25:20 ALL_DEBUG setting: 
01/26/21 18:25:20 DAGMAN_DEBUG setting: 
01/26/21 18:25:20 DAGMAN_SUPPRESS_JOB_LOGS setting: False
01/26/21 18:25:20 DAGMAN_REMOVE_NODE_JOBS setting: True
01/26/21 18:25:20 argv[0] == "condor_scheduniv_exec.68.0"
01/26/21 18:25:20 argv[1] == "-Lockfile"
01/26/21 18:25:20 argv[2] == "job2.dag.lock"
01/26/21 18:25:20 argv[3] == "-AutoRescue"
01/26/21 18:25:20 argv[4] == "1"
01/26/21 18:25:20 argv[5] == "-DoRescueFrom"
01/26/21 18:25:20 argv[6] == "0"
01/26/21 18:25:20 argv[7] == "-Dag"
01/26/21 18:25:20 argv[8] == "job2.dag"
01/26/21 18:25:20 argv[9] == "-Suppress_notification"
01/26/21 18:25:20 argv[10] == "-CsdVersion"
01/26/21 18:25:20 argv[11] == "$CondorVersion: 8.8.12 Nov 24 2020 BuildID: Debian-8.8.12-1+b1 PackageID: 8.8.12-1+b1 Debian-8.8.12-1+b1 $"
01/26/21 18:25:20 argv[12] == "-Dagman"
01/26/21 18:25:20 argv[13] == "/usr/bin/condor_dagman"
01/26/21 18:25:20 Workflow batch-name: <job2.dag+68>
01/26/21 18:25:20 Workflow accounting_group: <>
01/26/21 18:25:20 Workflow accounting_group_user: <>
01/26/21 18:25:20 Warning: failed to get attribute DAGNodeName
01/26/21 18:25:20 DAGMAN_LOG_ON_NFS_IS_ERROR setting: False
01/26/21 18:25:20 Default node log file is: </home/ubuntu/Ktutorial/./job2.dag.nodes.log>
01/26/21 18:25:20 DAG Lockfile will be written to job2.dag.lock
01/26/21 18:25:20 DAG Input file is job2.dag
01/26/21 18:25:20 Parsing 1 dagfiles
01/26/21 18:25:20 Parsing job2.dag ...
01/26/21 18:25:20 Dag contains 6 total jobs
01/26/21 18:25:20 Sleeping for 3 seconds to ensure ProcessId uniqueness
01/26/21 18:25:23 Bootstrapping...
01/26/21 18:25:23 Number of pre-completed nodes: 0
01/26/21 18:25:23 MultiLogFiles: truncating log file /home/ubuntu/Ktutorial/./job2.dag.nodes.log
01/26/21 18:25:23 DAG status: 0 (DAG_STATUS_OK)
01/26/21 18:25:23 Of 6 nodes total:
01/26/21 18:25:23  Done     Pre   Queued    Post   Ready   Un-Ready   Failed
01/26/21 18:25:23   ===     ===      ===     ===     ===        ===      ===
01/26/21 18:25:23     0       0        0       0       1          5        0
01/26/21 18:25:23 0 job proc(s) currently held
01/26/21 18:25:23 DAGMan Runtime Statistics: [ EventCycleTimeSum = 0.0; EventCycleTimeCount = 0.0; LogProcessCycleTimeSum = 0.0; SleepCycleTimeSum = 0.0; LogProcessCycleTimeCount = 0.0; SleepCycleTimeCount = 0.0; SubmitCycleTimeCount = 0.0; SubmitCycleTimeSum = 0.0; ]
01/26/21 18:25:23 Registering condor_event_timer...
01/26/21 18:25:24 Submitting HTCondor Node A job(s)...
01/26/21 18:25:24 Adding a DAGMan workflow log /home/ubuntu/Ktutorial/./job2.dag.nodes.log
01/26/21 18:25:24 Masking the events recorded in the DAGMAN workflow log
01/26/21 18:25:24 Mask for workflow log is 0,1,2,4,5,7,9,10,11,12,13,16,17,24,27,35,36
01/26/21 18:25:24 submitting: /usr/bin/condor_submit -a dag_node_name' '=' 'A -a +DAGManJobId' '=' '68 -a DAGManJobId' '=' '68 -batch-name job2.dag+68 -a submit_event_notes' '=' 'DAG' 'Node:' 'A -a dagman_log' '=' '/home/ubuntu/Ktutorial/./job2.dag.nodes.log -a +DAGManNodesMask' '=' '"0,1,2,4,5,7,9,10,11,12,13,16,17,24,27,35,36" -a DAG_STATUS' '=' '0 -a FAILED_COUNT' '=' '0 -a +KeepClaimIdle' '=' '20 -a notification' '=' 'never -a +DAGParentNodeNames' '=' '"" A.sub
01/26/21 18:25:24 From submit: Submitting job(s).
01/26/21 18:25:24 From submit: 1 job(s) submitted to cluster 69.
01/26/21 18:25:24 	assigned HTCondor ID (69.0.0)
01/26/21 18:25:24 Just submitted 1 job this cycle...
01/26/21 18:25:24 DAG status: 0 (DAG_STATUS_OK)
01/26/21 18:25:24 Of 6 nodes total:
01/26/21 18:25:24  Done     Pre   Queued    Post   Ready   Un-Ready   Failed
01/26/21 18:25:24   ===     ===      ===     ===     ===        ===      ===
01/26/21 18:25:24     0       0        1       0       0          5        0
01/26/21 18:25:24 0 job proc(s) currently held
01/26/21 18:25:24 DAGMan Runtime Statistics: [ EventCycleTimeSum = 0.0; SleepCycleTimeCount = 0.0; EventCycleTimeCount = 0.0; SubmitCycleTimeStd = 0.02496194839477539; SubmitCycleTimeMax = 0.02496194839477539; LogProcessCycleTimeSum = 0.0; LogProcessCycleTimeCount = 0.0; SubmitCycleTimeMin = 0.02496194839477539; SubmitCycleTimeCount = 1.0; SubmitCycleTimeSum = 0.02496194839477539; SleepCycleTimeSum = 0.0; SubmitCycleTimeAvg = 0.02496194839477539; ]
01/26/21 18:25:29 Currently monitoring 1 HTCondor log file(s)
01/26/21 18:25:29 Reassigning the id of job A from (69.0.0) to (69.0.0)
01/26/21 18:25:29 Event: ULOG_SUBMIT for HTCondor Node A (69.0.0) {01/26/21 18:25:24}
01/26/21 18:25:29 Number of idle job procs: 1
01/26/21 18:25:44 Currently monitoring 1 HTCondor log file(s)
01/26/21 18:25:44 Event: ULOG_EXECUTE for HTCondor Node A (69.0.0) {01/26/21 18:25:43}
01/26/21 18:25:44 Number of idle job procs: 0
01/26/21 18:25:44 Event: ULOG_IMAGE_SIZE for HTCondor Node A (69.0.0) {01/26/21 18:25:44}
01/26/21 18:25:44 Event: ULOG_JOB_TERMINATED for HTCondor Node A (69.0.0) {01/26/21 18:25:44}
01/26/21 18:25:44 Number of idle job procs: 0
01/26/21 18:25:44 Node A job proc (69.0.0) completed successfully.
01/26/21 18:25:44 Node A job completed
01/26/21 18:25:44 DAG status: 0 (DAG_STATUS_OK)
01/26/21 18:25:44 Of 6 nodes total:
01/26/21 18:25:44  Done     Pre   Queued    Post   Ready   Un-Ready   Failed
01/26/21 18:25:44   ===     ===      ===     ===     ===        ===      ===
01/26/21 18:25:44     1       0        0       0       2          3        0
01/26/21 18:25:44 0 job proc(s) currently held
01/26/21 18:25:44 DAGMan Runtime Statistics: [ EventCycleTimeStd = 0.01250256539983857; EventCycleTimeMax = 0.02510404586791992; EventCycleTimeMin = 3.004074096679688E-05; EventCycleTimeAvg = 0.00635075569152832; EventCycleTimeSum = 0.02540302276611328; EventCycleTimeCount = 4.0; SleepCycleTimeStd = 0.0001202759703330739; LogProcessCycleTimeMin = 0.0001947879791259766; LogProcessCycleTimeMax = 0.0003650188446044922; SubmitCycleTimeCount = 5.0; LogProcessCycleTimeAvg = 0.0002799034118652344; LogProcessCycleTimeCount = 2.0; LogProcessCycleTimeStd = 0.0001203713993471134; LogProcessCycleTimeSum = 0.0005598068237304688; SubmitCycleTimeSum = 0.02503323554992676; SubmitCycleTimeAvg = 0.005006647109985352; SleepCycleTimeSum = 20.02093887329102; SubmitCycleTimeMin = 1.597404479980469E-05; SubmitCycleTimeMax = 0.02496194839477539; SleepCycleTimeAvg = 5.005234718322754; SleepCycleTimeMax = 5.005398035049438; SleepCycleTimeCount = 4.0; SubmitCycleTimeStd = 0.01115535262425575; SleepCycleTimeMin = 5.005128860473633; ]
01/26/21 18:25:49 Submitting HTCondor Node B job(s)...
01/26/21 18:25:49 Adding a DAGMan workflow log /home/ubuntu/Ktutorial/./job2.dag.nodes.log
01/26/21 18:25:49 Masking the events recorded in the DAGMAN workflow log
01/26/21 18:25:49 Mask for workflow log is 0,1,2,4,5,7,9,10,11,12,13,16,17,24,27,35,36
01/26/21 18:25:49 submitting: /usr/bin/condor_submit -a dag_node_name' '=' 'B -a +DAGManJobId' '=' '68 -a DAGManJobId' '=' '68 -batch-name job2.dag+68 -a submit_event_notes' '=' 'DAG' 'Node:' 'B -a dagman_log' '=' '/home/ubuntu/Ktutorial/./job2.dag.nodes.log -a +DAGManNodesMask' '=' '"0,1,2,4,5,7,9,10,11,12,13,16,17,24,27,35,36" -a DAG_STATUS' '=' '0 -a FAILED_COUNT' '=' '0 -a +KeepClaimIdle' '=' '20 -a notification' '=' 'never -a +DAGParentNodeNames' '=' '"A" B.sub
01/26/21 18:25:49 From submit: Submitting job(s).
01/26/21 18:25:49 From submit: 1 job(s) submitted to cluster 70.
01/26/21 18:25:49 	assigned HTCondor ID (70.0.0)
01/26/21 18:25:49 Submitting HTCondor Node C job(s)...
01/26/21 18:25:49 Adding a DAGMan workflow log /home/ubuntu/Ktutorial/./job2.dag.nodes.log
01/26/21 18:25:49 Masking the events recorded in the DAGMAN workflow log
01/26/21 18:25:49 Mask for workflow log is 0,1,2,4,5,7,9,10,11,12,13,16,17,24,27,35,36
01/26/21 18:25:49 submitting: /usr/bin/condor_submit -a dag_node_name' '=' 'C -a +DAGManJobId' '=' '68 -a DAGManJobId' '=' '68 -batch-name job2.dag+68 -a submit_event_notes' '=' 'DAG' 'Node:' 'C -a dagman_log' '=' '/home/ubuntu/Ktutorial/./job2.dag.nodes.log -a +DAGManNodesMask' '=' '"0,1,2,4,5,7,9,10,11,12,13,16,17,24,27,35,36" -a DAG_STATUS' '=' '0 -a FAILED_COUNT' '=' '0 -a +KeepClaimIdle' '=' '20 -a notification' '=' 'never -a +DAGParentNodeNames' '=' '"A" C.sub
01/26/21 18:25:49 From submit: Submitting job(s).
01/26/21 18:25:49 From submit: 1 job(s) submitted to cluster 71.
01/26/21 18:25:49 	assigned HTCondor ID (71.0.0)
01/26/21 18:25:49 Just submitted 2 jobs this cycle...
01/26/21 18:25:49 DAG status: 0 (DAG_STATUS_OK)
01/26/21 18:25:49 Of 6 nodes total:
01/26/21 18:25:49  Done     Pre   Queued    Post   Ready   Un-Ready   Failed
01/26/21 18:25:49   ===     ===      ===     ===     ===        ===      ===
01/26/21 18:25:49     1       0        2       0       0          3        0
01/26/21 18:25:49 0 job proc(s) currently held
01/26/21 18:25:49 DAGMan Runtime Statistics: [ EventCycleTimeStd = 0.01113488976172079; EventCycleTimeMax = 0.02510404586791992; EventCycleTimeMin = 3.004074096679688E-05; EventCycleTimeAvg = 0.005188846588134765; EventCycleTimeSum = 0.02594423294067383; EventCycleTimeCount = 5.0; SleepCycleTimeStd = 0.0001095416782233624; LogProcessCycleTimeMin = 0.0001947879791259766; LogProcessCycleTimeMax = 0.0003650188446044922; SubmitCycleTimeCount = 6.0; LogProcessCycleTimeAvg = 0.0002799034118652344; LogProcessCycleTimeCount = 2.0; LogProcessCycleTimeStd = 0.0001203713993471134; LogProcessCycleTimeSum = 0.0005598068237304688; SubmitCycleTimeSum = 0.07373929023742676; SubmitCycleTimeAvg = 0.01228988170623779; SleepCycleTimeSum = 25.02609777450562; SubmitCycleTimeMin = 1.597404479980469E-05; SubmitCycleTimeMax = 0.0487060546875; SleepCycleTimeAvg = 5.005219554901123; SleepCycleTimeMax = 5.005398035049438; SleepCycleTimeCount = 5.0; SubmitCycleTimeStd = 0.02044080602230456; SleepCycleTimeMin = 5.005128860473633; ]
01/26/21 18:25:54 Currently monitoring 1 HTCondor log file(s)
01/26/21 18:25:54 Reassigning the id of job B from (70.0.0) to (70.0.0)
01/26/21 18:25:54 Event: ULOG_SUBMIT for HTCondor Node B (70.0.0) {01/26/21 18:25:49}
01/26/21 18:25:54 Number of idle job procs: 1
01/26/21 18:25:54 Reassigning the id of job C from (71.0.0) to (71.0.0)
01/26/21 18:25:54 Event: ULOG_SUBMIT for HTCondor Node C (71.0.0) {01/26/21 18:25:49}
01/26/21 18:25:54 Number of idle job procs: 2
01/26/21 18:25:54 Event: ULOG_EXECUTE for HTCondor Node B (70.0.0) {01/26/21 18:25:51}
01/26/21 18:25:54 Number of idle job procs: 1
01/26/21 18:25:54 Event: ULOG_IMAGE_SIZE for HTCondor Node B (70.0.0) {01/26/21 18:25:51}
01/26/21 18:25:54 Event: ULOG_JOB_TERMINATED for HTCondor Node B (70.0.0) {01/26/21 18:25:51}
01/26/21 18:25:54 Number of idle job procs: 1
01/26/21 18:25:54 Node B job proc (70.0.0) completed successfully.
01/26/21 18:25:54 Node B job completed
01/26/21 18:25:54 DAG status: 0 (DAG_STATUS_OK)
01/26/21 18:25:54 Of 6 nodes total:
01/26/21 18:25:54  Done     Pre   Queued    Post   Ready   Un-Ready   Failed
01/26/21 18:25:54   ===     ===      ===     ===     ===        ===      ===
01/26/21 18:25:54     2       0        1       0       0          3        0
01/26/21 18:25:54 0 job proc(s) currently held
01/26/21 18:25:54 DAGMan Runtime Statistics: [ EventCycleTimeStd = 0.02042786705796974; EventCycleTimeMax = 0.04887700080871582; EventCycleTimeMin = 3.004074096679688E-05; EventCycleTimeAvg = 0.01247020562489828; EventCycleTimeSum = 0.07482123374938965; EventCycleTimeCount = 6.0; SleepCycleTimeStd = 0.0004057615040929781; LogProcessCycleTimeMin = 0.0001947879791259766; LogProcessCycleTimeMax = 0.0004839897155761719; SubmitCycleTimeCount = 7.0; LogProcessCycleTimeAvg = 0.0003479321797688802; LogProcessCycleTimeCount = 3.0; LogProcessCycleTimeStd = 0.0001453560341982935; LogProcessCycleTimeSum = 0.001043796539306641; SubmitCycleTimeSum = 0.07374930381774902; SubmitCycleTimeAvg = 0.010535614831107; SleepCycleTimeSum = 30.03035283088684; SubmitCycleTimeMin = 1.001358032226562E-05; SubmitCycleTimeMax = 0.0487060546875; SleepCycleTimeAvg = 5.005058805147807; SleepCycleTimeMax = 5.005398035049438; SleepCycleTimeCount = 6.0; SubmitCycleTimeStd = 0.01922838938268544; SleepCycleTimeMin = 5.004255056381226; ]
01/26/21 18:25:59 Currently monitoring 1 HTCondor log file(s)
01/26/21 18:25:59 Event: ULOG_EXECUTE for HTCondor Node C (71.0.0) {01/26/21 18:25:59}
01/26/21 18:25:59 Number of idle job procs: 0
01/26/21 18:26:09 Currently monitoring 1 HTCondor log file(s)
01/26/21 18:26:09 Event: ULOG_IMAGE_SIZE for HTCondor Node C (71.0.0) {01/26/21 18:26:07}
01/26/21 18:27:00 Currently monitoring 1 HTCondor log file(s)
01/26/21 18:27:00 Event: ULOG_IMAGE_SIZE for HTCondor Node C (71.0.0) {01/26/21 18:26:59}
01/26/21 18:27:10 Currently monitoring 1 HTCondor log file(s)
01/26/21 18:27:10 Event: ULOG_JOB_TERMINATED for HTCondor Node C (71.0.0) {01/26/21 18:27:06}
01/26/21 18:27:10 Number of idle job procs: 0
01/26/21 18:27:10 Node C job proc (71.0.0) completed successfully.
01/26/21 18:27:10 Node C job completed
01/26/21 18:27:10 DAG status: 0 (DAG_STATUS_OK)
01/26/21 18:27:10 Of 6 nodes total:
01/26/21 18:27:10  Done     Pre   Queued    Post   Ready   Un-Ready   Failed
01/26/21 18:27:10   ===     ===      ===     ===     ===        ===      ===
01/26/21 18:27:10     3       0        0       0       1          2        0
01/26/21 18:27:10 0 job proc(s) currently held
01/26/21 18:27:10 DAGMan Runtime Statistics: [ EventCycleTimeStd = 0.01171010002281212; EventCycleTimeMax = 0.04887700080871582; EventCycleTimeMin = 2.09808349609375E-05; EventCycleTimeAvg = 0.003635497320265997; EventCycleTimeSum = 0.07634544372558594; EventCycleTimeCount = 21.0; SleepCycleTimeStd = 0.0008012336641059324; LogProcessCycleTimeMin = 0.0001218318939208984; LogProcessCycleTimeMax = 0.0004839897155761719; SubmitCycleTimeCount = 22.0; LogProcessCycleTimeAvg = 0.0002461160932268415; LogProcessCycleTimeCount = 7.0; LogProcessCycleTimeStd = 0.0001337888509818119; LogProcessCycleTimeSum = 0.001722812652587891; SubmitCycleTimeSum = 0.07401275634765625; SubmitCycleTimeAvg = 0.003364216197620739; SleepCycleTimeSum = 105.1020255088806; SubmitCycleTimeMin = 1.001358032226562E-05; SubmitCycleTimeMax = 0.0487060546875; SleepCycleTimeAvg = 5.004858357565744; SleepCycleTimeMax = 5.005398035049438; SleepCycleTimeCount = 21.0; SubmitCycleTimeStd = 0.0114359288057526; SleepCycleTimeMin = 5.002013921737671; ]
01/26/21 18:27:15 Submitting HTCondor Node D job(s)...
01/26/21 18:27:15 Adding a DAGMan workflow log /home/ubuntu/Ktutorial/./job2.dag.nodes.log
01/26/21 18:27:15 Masking the events recorded in the DAGMAN workflow log
01/26/21 18:27:15 Mask for workflow log is 0,1,2,4,5,7,9,10,11,12,13,16,17,24,27,35,36
01/26/21 18:27:15 submitting: /usr/bin/condor_submit -a dag_node_name' '=' 'D -a +DAGManJobId' '=' '68 -a DAGManJobId' '=' '68 -batch-name job2.dag+68 -a submit_event_notes' '=' 'DAG' 'Node:' 'D -a dagman_log' '=' '/home/ubuntu/Ktutorial/./job2.dag.nodes.log -a +DAGManNodesMask' '=' '"0,1,2,4,5,7,9,10,11,12,13,16,17,24,27,35,36" -a DAG_STATUS' '=' '0 -a FAILED_COUNT' '=' '0 -a +KeepClaimIdle' '=' '20 -a notification' '=' 'never -a +DAGParentNodeNames' '=' '"B,C" D.sub
01/26/21 18:27:15 From submit: Submitting job(s).
01/26/21 18:27:15 From submit: 1 job(s) submitted to cluster 72.
01/26/21 18:27:15 From submit: WARNING: the line 'err = errD.err' was unused by condor_submit. Is it a typo?
01/26/21 18:27:15 	assigned HTCondor ID (72.0.0)
01/26/21 18:27:15 Just submitted 1 job this cycle...
01/26/21 18:27:15 DAG status: 0 (DAG_STATUS_OK)
01/26/21 18:27:15 Of 6 nodes total:
01/26/21 18:27:15  Done     Pre   Queued    Post   Ready   Un-Ready   Failed
01/26/21 18:27:15   ===     ===      ===     ===     ===        ===      ===
01/26/21 18:27:15     3       0        1       0       0          2        0
01/26/21 18:27:15 0 job proc(s) currently held
01/26/21 18:27:15 DAGMan Runtime Statistics: [ EventCycleTimeStd = 0.01144815131729314; EventCycleTimeMax = 0.04887700080871582; EventCycleTimeMin = 2.09808349609375E-05; EventCycleTimeAvg = 0.003490339625965465; EventCycleTimeSum = 0.07678747177124023; EventCycleTimeCount = 22.0; SleepCycleTimeStd = 0.0007845825101025088; LogProcessCycleTimeMin = 0.0001218318939208984; LogProcessCycleTimeMax = 0.0004839897155761719; SubmitCycleTimeCount = 23.0; LogProcessCycleTimeAvg = 0.0002461160932268415; LogProcessCycleTimeCount = 7.0; LogProcessCycleTimeStd = 0.0001337888509818119; LogProcessCycleTimeSum = 0.001722812652587891; SubmitCycleTimeSum = 0.1018276214599609; SubmitCycleTimeAvg = 0.004427287889563519; SleepCycleTimeSum = 110.1071865558624; SubmitCycleTimeMin = 1.001358032226562E-05; SubmitCycleTimeMax = 0.0487060546875; SleepCycleTimeAvg = 5.004872116175565; SleepCycleTimeMax = 5.005398035049438; SleepCycleTimeCount = 22.0; SubmitCycleTimeStd = 0.01228123339285185; SleepCycleTimeMin = 5.002013921737671; ]
01/26/21 18:27:20 Currently monitoring 1 HTCondor log file(s)
01/26/21 18:27:20 Reassigning the id of job D from (72.0.0) to (72.0.0)
01/26/21 18:27:20 Event: ULOG_SUBMIT for HTCondor Node D (72.0.0) {01/26/21 18:27:15}
01/26/21 18:27:20 Number of idle job procs: 1
01/26/21 18:27:25 Currently monitoring 1 HTCondor log file(s)
01/26/21 18:27:25 Event: ULOG_EXECUTE for HTCondor Node D (72.0.0) {01/26/21 18:27:22}
01/26/21 18:27:25 Number of idle job procs: 0
01/26/21 18:27:25 Event: ULOG_IMAGE_SIZE for HTCondor Node D (72.0.0) {01/26/21 18:27:22}
01/26/21 18:27:25 Event: ULOG_JOB_TERMINATED for HTCondor Node D (72.0.0) {01/26/21 18:27:22}
01/26/21 18:27:25 Number of idle job procs: 0
01/26/21 18:27:25 Node D job proc (72.0.0) completed successfully.
01/26/21 18:27:25 Node D job completed
01/26/21 18:27:25 DAG status: 0 (DAG_STATUS_OK)
01/26/21 18:27:25 Of 6 nodes total:
01/26/21 18:27:25  Done     Pre   Queued    Post   Ready   Un-Ready   Failed
01/26/21 18:27:25   ===     ===      ===     ===     ===        ===      ===
01/26/21 18:27:25     4       0        0       0       1          1        0
01/26/21 18:27:25 0 job proc(s) currently held
01/26/21 18:27:25 DAGMan Runtime Statistics: [ EventCycleTimeStd = 0.0120574626119139; EventCycleTimeMax = 0.04887700080871582; EventCycleTimeMin = 2.09808349609375E-05; EventCycleTimeAvg = 0.004374106725056966; EventCycleTimeSum = 0.1049785614013672; EventCycleTimeCount = 24.0; SleepCycleTimeStd = 0.0007844384748273488; LogProcessCycleTimeMin = 0.0001218318939208984; LogProcessCycleTimeMax = 0.0004839897155761719; SubmitCycleTimeCount = 25.0; LogProcessCycleTimeAvg = 0.0002430015140109592; LogProcessCycleTimeCount = 9.0; LogProcessCycleTimeStd = 0.0001194902790669184; LogProcessCycleTimeSum = 0.002187013626098633; SubmitCycleTimeSum = 0.1018545627593994; SubmitCycleTimeAvg = 0.004074182510375977; SleepCycleTimeSum = 120.1161835193634; SubmitCycleTimeMin = 1.001358032226562E-05; SubmitCycleTimeMax = 0.0487060546875; SleepCycleTimeAvg = 5.004840979973475; SleepCycleTimeMax = 5.005398035049438; SleepCycleTimeCount = 24.0; SubmitCycleTimeStd = 0.01182172744155963; SleepCycleTimeMin = 5.002013921737671; ]
01/26/21 18:27:30 Submitting HTCondor Node E job(s)...
01/26/21 18:27:30 Adding a DAGMan workflow log /home/ubuntu/Ktutorial/./job2.dag.nodes.log
01/26/21 18:27:30 Masking the events recorded in the DAGMAN workflow log
01/26/21 18:27:30 Mask for workflow log is 0,1,2,4,5,7,9,10,11,12,13,16,17,24,27,35,36
01/26/21 18:27:30 submitting: /usr/bin/condor_submit -a dag_node_name' '=' 'E -a +DAGManJobId' '=' '68 -a DAGManJobId' '=' '68 -batch-name job2.dag+68 -a submit_event_notes' '=' 'DAG' 'Node:' 'E -a dagman_log' '=' '/home/ubuntu/Ktutorial/./job2.dag.nodes.log -a +DAGManNodesMask' '=' '"0,1,2,4,5,7,9,10,11,12,13,16,17,24,27,35,36" -a DAG_STATUS' '=' '0 -a FAILED_COUNT' '=' '0 -a +KeepClaimIdle' '=' '20 -a notification' '=' 'never -a +DAGParentNodeNames' '=' '"D" E.sub
01/26/21 18:27:30 From submit: Submitting job(s).
01/26/21 18:27:30 From submit: 1 job(s) submitted to cluster 73.
01/26/21 18:27:30 From submit: WARNING: the line 'err = errE.err' was unused by condor_submit. Is it a typo?
01/26/21 18:27:30 	assigned HTCondor ID (73.0.0)
01/26/21 18:27:30 Just submitted 1 job this cycle...
01/26/21 18:27:30 DAG status: 0 (DAG_STATUS_OK)
01/26/21 18:27:30 Of 6 nodes total:
01/26/21 18:27:30  Done     Pre   Queued    Post   Ready   Un-Ready   Failed
01/26/21 18:27:30   ===     ===      ===     ===     ===        ===      ===
01/26/21 18:27:30     4       0        1       0       0          1        0
01/26/21 18:27:30 0 job proc(s) currently held
01/26/21 18:27:30 DAGMan Runtime Statistics: [ EventCycleTimeStd = 0.01182984385572451; EventCycleTimeMax = 0.04887700080871582; EventCycleTimeMin = 2.09808349609375E-05; EventCycleTimeAvg = 0.004216575622558593; EventCycleTimeSum = 0.1054143905639648; EventCycleTimeCount = 25.0; SleepCycleTimeStd = 0.0007704217830131662; LogProcessCycleTimeMin = 0.0001218318939208984; LogProcessCycleTimeMax = 0.0004839897155761719; SubmitCycleTimeCount = 26.0; LogProcessCycleTimeAvg = 0.0002430015140109592; LogProcessCycleTimeCount = 9.0; LogProcessCycleTimeStd = 0.0001194902790669184; LogProcessCycleTimeSum = 0.002187013626098633; SubmitCycleTimeSum = 0.1276075839996338; SubmitCycleTimeAvg = 0.004907983999985915; SleepCycleTimeSum = 125.1213345527649; SubmitCycleTimeMin = 1.001358032226562E-05; SubmitCycleTimeMax = 0.0487060546875; SleepCycleTimeAvg = 5.004853382110595; SleepCycleTimeMax = 5.005398035049438; SleepCycleTimeCount = 25.0; SubmitCycleTimeStd = 0.01233851523240915; SleepCycleTimeMin = 5.002013921737671; ]
01/26/21 18:27:35 Currently monitoring 1 HTCondor log file(s)
01/26/21 18:27:35 Reassigning the id of job E from (73.0.0) to (73.0.0)
01/26/21 18:27:35 Event: ULOG_SUBMIT for HTCondor Node E (73.0.0) {01/26/21 18:27:30}
01/26/21 18:27:35 Number of idle job procs: 1
01/26/21 18:27:40 Currently monitoring 1 HTCondor log file(s)
01/26/21 18:27:40 Event: ULOG_EXECUTE for HTCondor Node E (73.0.0) {01/26/21 18:27:37}
01/26/21 18:27:40 Number of idle job procs: 0
01/26/21 18:27:45 Currently monitoring 1 HTCondor log file(s)
01/26/21 18:27:45 Event: ULOG_IMAGE_SIZE for HTCondor Node E (73.0.0) {01/26/21 18:27:42}
01/26/21 18:27:50 Currently monitoring 1 HTCondor log file(s)
01/26/21 18:27:50 Event: ULOG_JOB_TERMINATED for HTCondor Node E (73.0.0) {01/26/21 18:27:47}
01/26/21 18:27:50 Number of idle job procs: 0
01/26/21 18:27:50 Node E job proc (73.0.0) completed successfully.
01/26/21 18:27:50 Node E job completed
01/26/21 18:27:50 DAG status: 0 (DAG_STATUS_OK)
01/26/21 18:27:50 Of 6 nodes total:
01/26/21 18:27:50  Done     Pre   Queued    Post   Ready   Un-Ready   Failed
01/26/21 18:27:50   ===     ===      ===     ===     ===        ===      ===
01/26/21 18:27:50     5       0        0       0       1          0        0
01/26/21 18:27:50 0 job proc(s) currently held
01/26/21 18:27:50 DAGMan Runtime Statistics: [ EventCycleTimeStd = 0.01176432589877284; EventCycleTimeMax = 0.04887700080871582; EventCycleTimeMin = 2.09808349609375E-05; EventCycleTimeAvg = 0.00454797415897764; EventCycleTimeSum = 0.1318912506103516; EventCycleTimeCount = 29.0; SleepCycleTimeStd = 0.0007219584107114297; LogProcessCycleTimeMin = 0.0001218318939208984; LogProcessCycleTimeMax = 0.0004839897155761719; SubmitCycleTimeCount = 30.0; LogProcessCycleTimeAvg = 0.0002254522763765775; LogProcessCycleTimeCount = 13.0; LogProcessCycleTimeStd = 0.0001061954525110598; LogProcessCycleTimeSum = 0.002930879592895508; SubmitCycleTimeSum = 0.1276755332946777; SubmitCycleTimeAvg = 0.004255851109822591; SleepCycleTimeSum = 145.1420147418976; SubmitCycleTimeMin = 1.001358032226562E-05; SubmitCycleTimeMax = 0.0487060546875; SleepCycleTimeAvg = 5.004897060065434; SleepCycleTimeMax = 5.005398035049438; SleepCycleTimeCount = 29.0; SubmitCycleTimeStd = 0.01158015995693609; SleepCycleTimeMin = 5.002013921737671; ]
01/26/21 18:27:55 Submitting HTCondor Node F job(s)...
01/26/21 18:27:55 Adding a DAGMan workflow log /home/ubuntu/Ktutorial/./job2.dag.nodes.log
01/26/21 18:27:55 Masking the events recorded in the DAGMAN workflow log
01/26/21 18:27:55 Mask for workflow log is 0,1,2,4,5,7,9,10,11,12,13,16,17,24,27,35,36
01/26/21 18:27:55 submitting: /usr/bin/condor_submit -a dag_node_name' '=' 'F -a +DAGManJobId' '=' '68 -a DAGManJobId' '=' '68 -batch-name job2.dag+68 -a submit_event_notes' '=' 'DAG' 'Node:' 'F -a dagman_log' '=' '/home/ubuntu/Ktutorial/./job2.dag.nodes.log -a +DAGManNodesMask' '=' '"0,1,2,4,5,7,9,10,11,12,13,16,17,24,27,35,36" -a DAG_STATUS' '=' '0 -a FAILED_COUNT' '=' '0 -a notification' '=' 'never -a +DAGParentNodeNames' '=' '"E" F.sub
01/26/21 18:27:55 From submit: Submitting job(s).
01/26/21 18:27:55 From submit: 1 job(s) submitted to cluster 74.
01/26/21 18:27:55 	assigned HTCondor ID (74.0.0)
01/26/21 18:27:55 Just submitted 1 job this cycle...
01/26/21 18:27:55 DAG status: 0 (DAG_STATUS_OK)
01/26/21 18:27:55 Of 6 nodes total:
01/26/21 18:27:55  Done     Pre   Queued    Post   Ready   Un-Ready   Failed
01/26/21 18:27:55   ===     ===      ===     ===     ===        ===      ===
01/26/21 18:27:55     5       0        1       0       0          0        0
01/26/21 18:27:55 0 job proc(s) currently held
01/26/21 18:27:55 DAGMan Runtime Statistics: [ EventCycleTimeStd = 0.01158395803209315; EventCycleTimeMax = 0.04887700080871582; EventCycleTimeMin = 2.09808349609375E-05; EventCycleTimeAvg = 0.004411212603251139; EventCycleTimeSum = 0.1323363780975342; EventCycleTimeCount = 30.0; SleepCycleTimeStd = 0.0007110488648601636; LogProcessCycleTimeMin = 0.0001218318939208984; LogProcessCycleTimeMax = 0.0004839897155761719; SubmitCycleTimeCount = 31.0; LogProcessCycleTimeAvg = 0.0002254522763765775; LogProcessCycleTimeCount = 13.0; LogProcessCycleTimeStd = 0.0001061954525110598; LogProcessCycleTimeSum = 0.002930879592895508; SubmitCycleTimeSum = 0.1527297496795654; SubmitCycleTimeAvg = 0.004926766118695659; SleepCycleTimeSum = 150.1471767425537; SubmitCycleTimeMin = 1.001358032226562E-05; SubmitCycleTimeMax = 0.0487060546875; SleepCycleTimeAvg = 5.004905891418457; SleepCycleTimeMax = 5.005398035049438; SleepCycleTimeCount = 30.0; SubmitCycleTimeStd = 0.01198265565572524; SleepCycleTimeMin = 5.002013921737671; ]
01/26/21 18:28:00 Currently monitoring 1 HTCondor log file(s)
01/26/21 18:28:00 Reassigning the id of job F from (74.0.0) to (74.0.0)
01/26/21 18:28:00 Event: ULOG_SUBMIT for HTCondor Node F (74.0.0) {01/26/21 18:27:55}
01/26/21 18:28:00 Number of idle job procs: 1
01/26/21 18:28:00 Event: ULOG_EXECUTE for HTCondor Node F (74.0.0) {01/26/21 18:27:58}
01/26/21 18:28:00 Number of idle job procs: 0
01/26/21 18:28:10 Currently monitoring 1 HTCondor log file(s)
01/26/21 18:28:10 Event: ULOG_IMAGE_SIZE for HTCondor Node F (74.0.0) {01/26/21 18:28:07}
01/26/21 18:28:20 Currently monitoring 1 HTCondor log file(s)
01/26/21 18:28:20 Event: ULOG_IMAGE_SIZE for HTCondor Node F (74.0.0) {01/26/21 18:28:19}
01/26/21 18:28:20 Event: ULOG_JOB_TERMINATED for HTCondor Node F (74.0.0) {01/26/21 18:28:20}
01/26/21 18:28:20 Number of idle job procs: 0
01/26/21 18:28:20 Node F job proc (74.0.0) completed successfully.
01/26/21 18:28:20 Node F job completed
01/26/21 18:28:20 DAG status: 0 (DAG_STATUS_OK)
01/26/21 18:28:20 Of 6 nodes total:
01/26/21 18:28:20  Done     Pre   Queued    Post   Ready   Un-Ready   Failed
01/26/21 18:28:20   ===     ===      ===     ===     ===        ===      ===
01/26/21 18:28:20     6       0        0       0       0          0        0
01/26/21 18:28:20 0 job proc(s) currently held
01/26/21 18:28:20 DAGMan Runtime Statistics: [ EventCycleTimeStd = 0.01137424058081133; EventCycleTimeMax = 0.04887700080871582; EventCycleTimeMin = 2.09808349609375E-05; EventCycleTimeAvg = 0.004516887664794922; EventCycleTimeSum = 0.1580910682678223; EventCycleTimeCount = 35.0; SleepCycleTimeStd = 0.0006638686554718448; LogProcessCycleTimeMin = 0.0001218318939208984; LogProcessCycleTimeMax = 0.0004839897155761719; SubmitCycleTimeCount = 36.0; LogProcessCycleTimeAvg = 0.0002231597900390625; LogProcessCycleTimeCount = 16.0; LogProcessCycleTimeStd = 9.782594475641503E-05; LogProcessCycleTimeSum = 0.003570556640625; SubmitCycleTimeSum = 0.1528189182281494; SubmitCycleTimeAvg = 0.004244969950781928; SleepCycleTimeSum = 175.1730680465698; SubmitCycleTimeMin = 1.001358032226562E-05; SubmitCycleTimeMax = 0.0487060546875; SleepCycleTimeAvg = 5.004944801330566; SleepCycleTimeMax = 5.005398035049438; SleepCycleTimeCount = 35.0; SubmitCycleTimeStd = 0.01122659436718206; SleepCycleTimeMin = 5.002013921737671; ]
01/26/21 18:28:20 All jobs Completed!
01/26/21 18:28:20 Note: 0 total job deferrals because of -MaxJobs limit (0)
01/26/21 18:28:20 Note: 0 total job deferrals because of -MaxIdle limit (1000)
01/26/21 18:28:20 Note: 0 total job deferrals because of node category throttles
01/26/21 18:28:20 Note: 0 total PRE script deferrals because of -MaxPre limit (20) or DEFER
01/26/21 18:28:20 Note: 0 total POST script deferrals because of -MaxPost limit (20) or DEFER
01/26/21 18:28:20 DAG status: 0 (DAG_STATUS_OK)
01/26/21 18:28:20 Of 6 nodes total:
01/26/21 18:28:20  Done     Pre   Queued    Post   Ready   Un-Ready   Failed
01/26/21 18:28:20   ===     ===      ===     ===     ===        ===      ===
01/26/21 18:28:20     6       0        0       0       0          0        0
01/26/21 18:28:20 0 job proc(s) currently held
01/26/21 18:28:20 DAGMan Runtime Statistics: [ EventCycleTimeStd = 0.01137424058081133; EventCycleTimeMax = 0.04887700080871582; EventCycleTimeMin = 2.09808349609375E-05; EventCycleTimeAvg = 0.004516887664794922; EventCycleTimeSum = 0.1580910682678223; EventCycleTimeCount = 35.0; SleepCycleTimeStd = 0.0006638686554718448; LogProcessCycleTimeMin = 0.0001218318939208984; LogProcessCycleTimeMax = 0.0004839897155761719; SubmitCycleTimeCount = 36.0; LogProcessCycleTimeAvg = 0.0002231597900390625; LogProcessCycleTimeCount = 16.0; LogProcessCycleTimeStd = 9.782594475641503E-05; LogProcessCycleTimeSum = 0.003570556640625; SubmitCycleTimeSum = 0.1528189182281494; SubmitCycleTimeAvg = 0.004244969950781928; SleepCycleTimeSum = 175.1730680465698; SubmitCycleTimeMin = 1.001358032226562E-05; SubmitCycleTimeMax = 0.0487060546875; SleepCycleTimeAvg = 5.004944801330566; SleepCycleTimeMax = 5.005398035049438; SleepCycleTimeCount = 35.0; SubmitCycleTimeStd = 0.01122659436718206; SleepCycleTimeMin = 5.002013921737671; ]
01/26/21 18:28:20 Wrote metrics file job2.dag.metrics.
01/26/21 18:28:20 Metrics not sent because of PEGASUS_METRICS or CONDOR_DEVELOPERS setting.
01/26/21 18:28:20 DAGMan Runtime Statistics: [ EventCycleTimeStd = 0.01137424058081133; EventCycleTimeMax = 0.04887700080871582; EventCycleTimeMin = 2.09808349609375E-05; EventCycleTimeAvg = 0.004516887664794922; EventCycleTimeSum = 0.1580910682678223; EventCycleTimeCount = 35.0; SleepCycleTimeStd = 0.0006638686554718448; LogProcessCycleTimeMin = 0.0001218318939208984; LogProcessCycleTimeMax = 0.0004839897155761719; SubmitCycleTimeCount = 36.0; LogProcessCycleTimeAvg = 0.0002231597900390625; LogProcessCycleTimeCount = 16.0; LogProcessCycleTimeStd = 9.782594475641503E-05; LogProcessCycleTimeSum = 0.003570556640625; SubmitCycleTimeSum = 0.1528189182281494; SubmitCycleTimeAvg = 0.004244969950781928; SleepCycleTimeSum = 175.1730680465698; SubmitCycleTimeMin = 1.001358032226562E-05; SubmitCycleTimeMax = 0.0487060546875; SleepCycleTimeAvg = 5.004944801330566; SleepCycleTimeMax = 5.005398035049438; SleepCycleTimeCount = 35.0; SubmitCycleTimeStd = 0.01122659436718206; SleepCycleTimeMin = 5.002013921737671; ]
01/26/21 18:28:20 **** condor_scheduniv_exec.68.0 (condor_DAGMAN) pid 66435 EXITING WITH STATUS 0
